# JRE version: Java(TM) SE Runtime Environment (7.0_51-b13) (build 1.7.0_51-b13)
# Java VM: Java HotSpot(TM) Client VM (24.51-b03 mixed mode, sharing windows-x86 )
Heap
 def new generation   total 4928K, used 3891K [0x13630000, 0x13b80000, 0x1dcd0000)
  eden space 4416K,  76% used [0x13630000, 0x1397ce90, 0x13a80000)
  from space 512K, 100% used [0x13a80000, 0x13b00000, 0x13b00000)
  to   space 512K,   0% used [0x13b00000, 0x13b00000, 0x13b80000)
 tenured generation   total 10944K, used 7674K [0x1dcd0000, 0x1e780000, 0x32a30000)
   the space 10944K,  70% used [0x1dcd0000, 0x1e44e9a0, 0x1e44ea00, 0x1e780000)
 compacting perm gen  total 13312K, used 13256K [0x32a30000, 0x33730000, 0x36a30000)
   the space 13312K,  99% used [0x32a30000, 0x33722248, 0x33722400, 0x33730000)
    ro space 10240K,  44% used [0x36a30000, 0x36ea7e30, 0x36ea8000, 0x37430000)
    rw space 12288K,  52% used [0x37430000, 0x37a7eb58, 0x37a7ec00, 0x38030000)
GC Heap History (10 events):
Event: 2.387 GC heap before
{Heap before GC invocations=1 (full 0):
 def new generation   total 4928K, used 4928K [0x13630000, 0x13b80000, 0x1dcd0000)
  eden space 4416K, 100% used [0x13630000, 0x13a80000, 0x13a80000)
  from space 512K, 100% used [0x13b00000, 0x13b80000, 0x13b80000)
  to   space 512K,   0% used [0x13a80000, 0x13a80000, 0x13b00000)
 tenured generation   total 10944K, used 1109K [0x1dcd0000, 0x1e780000, 0x32a30000)
   the space 10944K,  10% used [0x1dcd0000, 0x1dde5498, 0x1dde5600, 0x1e780000)
 compacting perm gen  total 12288K, used 9235K [0x32a30000, 0x33630000, 0x36a30000)
   the space 12288K,  75% used [0x32a30000, 0x33334ee0, 0x33335000, 0x33630000)
    ro space 10240K,  44% used [0x36a30000, 0x36ea7e30, 0x36ea8000, 0x37430000)
    rw space 12288K,  52% used [0x37430000, 0x37a7eb58, 0x37a7ec00, 0x38030000)
Event: 2.433 GC heap after
Heap after GC invocations=2 (full 0):
 def new generation   total 4928K, used 512K [0x13630000, 0x13b80000, 0x1dcd0000)
  eden space 4416K,   0% used [0x13630000, 0x13630000, 0x13a80000)
  from space 512K, 100% used [0x13a80000, 0x13b00000, 0x13b00000)
  to   space 512K,   0% used [0x13b00000, 0x13b00000, 0x13b80000)
 tenured generation   total 10944K, used 2425K [0x1dcd0000, 0x1e780000, 0x32a30000)
   the space 10944K,  22% used [0x1dcd0000, 0x1df2e6d8, 0x1df2e800, 0x1e780000)
 compacting perm gen  total 12288K, used 9235K [0x32a30000, 0x33630000, 0x36a30000)
   the space 12288K,  75% used [0x32a30000, 0x33334ee0, 0x33335000, 0x33630000)
    ro space 10240K,  44% used [0x36a30000, 0x36ea7e30, 0x36ea8000, 0x37430000)
    rw space 12288K,  52% used [0x37430000, 0x37a7eb58, 0x37a7ec00, 0x38030000)
}
Event: 3.100 GC heap before
{Heap before GC invocations=2 (full 0):
 def new generation   total 4928K, used 4928K [0x13630000, 0x13b80000, 0x1dcd0000)
  eden space 4416K, 100% used [0x13630000, 0x13a80000, 0x13a80000)
  from space 512K, 100% used [0x13a80000, 0x13b00000, 0x13b00000)
  to   space 512K,   0% used [0x13b00000, 0x13b00000, 0x13b80000)
 tenured generation   total 10944K, used 2425K [0x1dcd0000, 0x1e780000, 0x32a30000)
   the space 10944K,  22% used [0x1dcd0000, 0x1df2e6d8, 0x1df2e800, 0x1e780000)
 compacting perm gen  total 12288K, used 9716K [0x32a30000, 0x33630000, 0x36a30000)
   the space 12288K,  79% used [0x32a30000, 0x333ad238, 0x333ad400, 0x33630000)
    ro space 10240K,  44% used [0x36a30000, 0x36ea7e30, 0x36ea8000, 0x37430000)
    rw space 12288K,  52% used [0x37430000, 0x37a7eb58, 0x37a7ec00, 0x38030000)
Event: 3.150 GC heap after
Heap after GC invocations=3 (full 0):
 def new generation   total 4928K, used 512K [0x13630000, 0x13b80000, 0x1dcd0000)
  eden space 4416K,   0% used [0x13630000, 0x13630000, 0x13a80000)
  from space 512K, 100% used [0x13b00000, 0x13b80000, 0x13b80000)
  to   space 512K,   0% used [0x13a80000, 0x13a80000, 0x13b00000)
 tenured generation   total 10944K, used 4072K [0x1dcd0000, 0x1e780000, 0x32a30000)
   the space 10944K,  37% used [0x1dcd0000, 0x1e0ca0a8, 0x1e0ca200, 0x1e780000)
 compacting perm gen  total 12288K, used 9716K [0x32a30000, 0x33630000, 0x36a30000)
   the space 12288K,  79% used [0x32a30000, 0x333ad238, 0x333ad400, 0x33630000)
    ro space 10240K,  44% used [0x36a30000, 0x36ea7e30, 0x36ea8000, 0x37430000)
    rw space 12288K,  52% used [0x37430000, 0x37a7eb58, 0x37a7ec00, 0x38030000)
}
Event: 3.814 GC heap before
{Heap before GC invocations=3 (full 0):
 def new generation   total 4928K, used 4928K [0x13630000, 0x13b80000, 0x1dcd0000)
  eden space 4416K, 100% used [0x13630000, 0x13a80000, 0x13a80000)
  from space 512K, 100% used [0x13b00000, 0x13b80000, 0x13b80000)
  to   space 512K,   0% used [0x13a80000, 0x13a80000, 0x13b00000)
 tenured generation   total 10944K, used 4072K [0x1dcd0000, 0x1e780000, 0x32a30000)
   the space 10944K,  37% used [0x1dcd0000, 0x1e0ca0a8, 0x1e0ca200, 0x1e780000)
 compacting perm gen  total 12288K, used 10162K [0x32a30000, 0x33630000, 0x36a30000)
   the space 12288K,  82% used [0x32a30000, 0x3341ca30, 0x3341cc00, 0x33630000)
    ro space 10240K,  44% used [0x36a30000, 0x36ea7e30, 0x36ea8000, 0x37430000)
    rw space 12288K,  52% used [0x37430000, 0x37a7eb58, 0x37a7ec00, 0x38030000)
Event: 3.855 GC heap after
Heap after GC invocations=4 (full 0):
 def new generation   total 4928K, used 512K [0x13630000, 0x13b80000, 0x1dcd0000)
  eden space 4416K,   0% used [0x13630000, 0x13630000, 0x13a80000)
  from space 512K, 100% used [0x13a80000, 0x13b00000, 0x13b00000)
  to   space 512K,   0% used [0x13b00000, 0x13b00000, 0x13b80000)
 tenured generation   total 10944K, used 5435K [0x1dcd0000, 0x1e780000, 0x32a30000)
   the space 10944K,  49% used [0x1dcd0000, 0x1e21ef88, 0x1e21f000, 0x1e780000)
 compacting perm gen  total 12288K, used 10162K [0x32a30000, 0x33630000, 0x36a30000)
   the space 12288K,  82% used [0x32a30000, 0x3341ca30, 0x3341cc00, 0x33630000)
    ro space 10240K,  44% used [0x36a30000, 0x36ea7e30, 0x36ea8000, 0x37430000)
    rw space 12288K,  52% used [0x37430000, 0x37a7eb58, 0x37a7ec00, 0x38030000)
}
Event: 4.413 GC heap before
{Heap before GC invocations=4 (full 0):
 def new generation   total 4928K, used 4928K [0x13630000, 0x13b80000, 0x1dcd0000)
  eden space 4416K, 100% used [0x13630000, 0x13a80000, 0x13a80000)
  from space 512K, 100% used [0x13a80000, 0x13b00000, 0x13b00000)
  to   space 512K,   0% used [0x13b00000, 0x13b00000, 0x13b80000)
 tenured generation   total 10944K, used 5435K [0x1dcd0000, 0x1e780000, 0x32a30000)
   the space 10944K,  49% used [0x1dcd0000, 0x1e21ef88, 0x1e21f000, 0x1e780000)
 compacting perm gen  total 12288K, used 11511K [0x32a30000, 0x33630000, 0x36a30000)
   the space 12288K,  93% used [0x32a30000, 0x3356dc40, 0x3356de00, 0x33630000)
    ro space 10240K,  44% used [0x36a30000, 0x36ea7e30, 0x36ea8000, 0x37430000)
    rw space 12288K,  52% used [0x37430000, 0x37a7eb58, 0x37a7ec00, 0x38030000)
Event: 4.454 GC heap after
Heap after GC invocations=5 (full 0):
 def new generation   total 4928K, used 512K [0x13630000, 0x13b80000, 0x1dcd0000)
  eden space 4416K,   0% used [0x13630000, 0x13630000, 0x13a80000)
  from space 512K, 100% used [0x13b00000, 0x13b80000, 0x13b80000)
  to   space 512K,   0% used [0x13a80000, 0x13a80000, 0x13b00000)
 tenured generation   total 10944K, used 7084K [0x1dcd0000, 0x1e780000, 0x32a30000)
   the space 10944K,  64% used [0x1dcd0000, 0x1e3bb258, 0x1e3bb400, 0x1e780000)
 compacting perm gen  total 12288K, used 11511K [0x32a30000, 0x33630000, 0x36a30000)
   the space 12288K,  93% used [0x32a30000, 0x3356dc40, 0x3356de00, 0x33630000)
    ro space 10240K,  44% used [0x36a30000, 0x36ea7e30, 0x36ea8000, 0x37430000)
    rw space 12288K,  52% used [0x37430000, 0x37a7eb58, 0x37a7ec00, 0x38030000)
}
Event: 5.150 GC heap before
{Heap before GC invocations=5 (full 0):
 def new generation   total 4928K, used 4928K [0x13630000, 0x13b80000, 0x1dcd0000)
  eden space 4416K, 100% used [0x13630000, 0x13a80000, 0x13a80000)
  from space 512K, 100% used [0x13b00000, 0x13b80000, 0x13b80000)
  to   space 512K,   0% used [0x13a80000, 0x13a80000, 0x13b00000)
 tenured generation   total 10944K, used 7084K [0x1dcd0000, 0x1e780000, 0x32a30000)
   the space 10944K,  64% used [0x1dcd0000, 0x1e3bb258, 0x1e3bb400, 0x1e780000)
 compacting perm gen  total 12288K, used 12265K [0x32a30000, 0x33630000, 0x36a30000)
   the space 12288K,  99% used [0x32a30000, 0x3362a6f0, 0x3362a800, 0x33630000)
    ro space 10240K,  44% used [0x36a30000, 0x36ea7e30, 0x36ea8000, 0x37430000)
    rw space 12288K,  52% used [0x37430000, 0x37a7eb58, 0x37a7ec00, 0x38030000)
Event: 5.174 GC heap after
Heap after GC invocations=6 (full 0):
 def new generation   total 4928K, used 512K [0x13630000, 0x13b80000, 0x1dcd0000)
  eden space 4416K,   0% used [0x13630000, 0x13630000, 0x13a80000)
  from space 512K, 100% used [0x13a80000, 0x13b00000, 0x13b00000)
  to   space 512K,   0% used [0x13b00000, 0x13b00000, 0x13b80000)
 tenured generation   total 10944K, used 7674K [0x1dcd0000, 0x1e780000, 0x32a30000)
   the space 10944K,  70% used [0x1dcd0000, 0x1e44e9a0, 0x1e44ea00, 0x1e780000)
 compacting perm gen  total 12288K, used 12265K [0x32a30000, 0x33630000, 0x36a30000)
   the space 12288K,  99% used [0x32a30000, 0x3362a6f0, 0x3362a800, 0x33630000)
    ro space 10240K,  44% used [0x36a30000, 0x36ea7e30, 0x36ea8000, 0x37430000)
    rw space 12288K,  52% used [0x37430000, 0x37a7eb58, 0x37a7ec00, 0x38030000)
}

