# JRE version: Java(TM) SE Runtime Environment (7.0_51-b13) (build 1.7.0_51-b13)
# Java VM: Java HotSpot(TM) Client VM (24.51-b03 mixed mode windows-x86 )
Heap
 def new generation   total 8576K, used 5617K [0x02c80000, 0x035c0000, 0x0d320000)
  eden space 7680K,  62% used [0x02c80000, 0x03129680, 0x03400000)
  from space 896K,  94% used [0x034e0000, 0x035b2e20, 0x035c0000)
  to   space 896K,   0% used [0x03400000, 0x03400000, 0x034e0000)
 tenured generation   total 18880K, used 11328K [0x0d320000, 0x0e590000, 0x22080000)
   the space 18880K,  60% used [0x0d320000, 0x0de30150, 0x0de30200, 0x0e590000)
 compacting perm gen  total 17152K, used 17029K [0x22080000, 0x23140000, 0x26080000)
   the space 17152K,  99% used [0x22080000, 0x23121728, 0x23121800, 0x23140000)
GC Heap History (10 events):
Event: 6.332 GC heap before
{Heap before GC invocations=6 (full 0):
 def new generation   total 4928K, used 4928K [0x02c80000, 0x031d0000, 0x0d320000)
  eden space 4416K, 100% used [0x02c80000, 0x030d0000, 0x030d0000)
  from space 512K, 100% used [0x030d0000, 0x03150000, 0x03150000)
  to   space 512K,   0% used [0x03150000, 0x03150000, 0x031d0000)
 tenured generation   total 10944K, used 7946K [0x0d320000, 0x0ddd0000, 0x22080000)
   the space 10944K,  72% used [0x0d320000, 0x0dae2820, 0x0dae2a00, 0x0ddd0000)
 compacting perm gen  total 15104K, used 14892K [0x22080000, 0x22f40000, 0x26080000)
   the space 15104K,  98% used [0x22080000, 0x22f0b140, 0x22f0b200, 0x22f40000)
No shared spaces configured.
Event: 6.363 GC heap after
Heap after GC invocations=7 (full 0):
 def new generation   total 4928K, used 512K [0x02c80000, 0x031d0000, 0x0d320000)
  eden space 4416K,   0% used [0x02c80000, 0x02c80000, 0x030d0000)
  from space 512K, 100% used [0x03150000, 0x031d0000, 0x031d0000)
  to   space 512K,   0% used [0x030d0000, 0x030d0000, 0x03150000)
 tenured generation   total 10944K, used 9000K [0x0d320000, 0x0ddd0000, 0x22080000)
   the space 10944K,  82% used [0x0d320000, 0x0dbea308, 0x0dbea400, 0x0ddd0000)
 compacting perm gen  total 15104K, used 14892K [0x22080000, 0x22f40000, 0x26080000)
   the space 15104K,  98% used [0x22080000, 0x22f0b140, 0x22f0b200, 0x22f40000)
No shared spaces configured.
}
Event: 6.964 GC heap before
{Heap before GC invocations=7 (full 0):
 def new generation   total 4928K, used 4928K [0x02c80000, 0x031d0000, 0x0d320000)
  eden space 4416K, 100% used [0x02c80000, 0x030d0000, 0x030d0000)
  from space 512K, 100% used [0x03150000, 0x031d0000, 0x031d0000)
  to   space 512K,   0% used [0x030d0000, 0x030d0000, 0x03150000)
 tenured generation   total 10944K, used 9000K [0x0d320000, 0x0ddd0000, 0x22080000)
   the space 10944K,  82% used [0x0d320000, 0x0dbea308, 0x0dbea400, 0x0ddd0000)
 compacting perm gen  total 15360K, used 15153K [0x22080000, 0x22f80000, 0x26080000)
   the space 15360K,  98% used [0x22080000, 0x22f4c760, 0x22f4c800, 0x22f80000)
No shared spaces configured.
Event: 6.983 GC heap after
Heap after GC invocations=8 (full 0):
 def new generation   total 4928K, used 512K [0x02c80000, 0x031d0000, 0x0d320000)
  eden space 4416K,   0% used [0x02c80000, 0x02c80000, 0x030d0000)
  from space 512K, 100% used [0x030d0000, 0x03150000, 0x03150000)
  to   space 512K,   0% used [0x03150000, 0x03150000, 0x031d0000)
 tenured generation   total 10944K, used 9516K [0x0d320000, 0x0ddd0000, 0x22080000)
   the space 10944K,  86% used [0x0d320000, 0x0dc6b1d8, 0x0dc6b200, 0x0ddd0000)
 compacting perm gen  total 15360K, used 15153K [0x22080000, 0x22f80000, 0x26080000)
   the space 15360K,  98% used [0x22080000, 0x22f4c760, 0x22f4c800, 0x22f80000)
No shared spaces configured.
}
Event: 19.388 GC heap before
{Heap before GC invocations=8 (full 0):
 def new generation   total 4928K, used 4928K [0x02c80000, 0x031d0000, 0x0d320000)
  eden space 4416K, 100% used [0x02c80000, 0x030d0000, 0x030d0000)
  from space 512K, 100% used [0x030d0000, 0x03150000, 0x03150000)
  to   space 512K,   0% used [0x03150000, 0x03150000, 0x031d0000)
 tenured generation   total 10944K, used 9516K [0x0d320000, 0x0ddd0000, 0x22080000)
   the space 10944K,  86% used [0x0d320000, 0x0dc6b1d8, 0x0dc6b200, 0x0ddd0000)
 compacting perm gen  total 15616K, used 15455K [0x22080000, 0x22fc0000, 0x26080000)
   the space 15616K,  98% used [0x22080000, 0x22f97c90, 0x22f97e00, 0x22fc0000)
No shared spaces configured.
Event: 19.409 GC heap after
Heap after GC invocations=9 (full 0):
 def new generation   total 4928K, used 512K [0x02c80000, 0x031d0000, 0x0d320000)
  eden space 4416K,   0% used [0x02c80000, 0x02c80000, 0x030d0000)
  from space 512K, 100% used [0x03150000, 0x031d0000, 0x031d0000)
  to   space 512K,   0% used [0x030d0000, 0x030d0000, 0x03150000)
 tenured generation   total 10944K, used 10217K [0x0d320000, 0x0ddd0000, 0x22080000)
   the space 10944K,  93% used [0x0d320000, 0x0dd1a5e8, 0x0dd1a600, 0x0ddd0000)
 compacting perm gen  total 15616K, used 15455K [0x22080000, 0x22fc0000, 0x26080000)
   the space 15616K,  98% used [0x22080000, 0x22f97c90, 0x22f97e00, 0x22fc0000)
No shared spaces configured.
}
Event: 20.096 GC heap before
{Heap before GC invocations=9 (full 0):
 def new generation   total 4928K, used 4928K [0x02c80000, 0x031d0000, 0x0d320000)
  eden space 4416K, 100% used [0x02c80000, 0x030d0000, 0x030d0000)
  from space 512K, 100% used [0x03150000, 0x031d0000, 0x031d0000)
  to   space 512K,   0% used [0x030d0000, 0x030d0000, 0x03150000)
 tenured generation   total 10944K, used 10217K [0x0d320000, 0x0ddd0000, 0x22080000)
   the space 10944K,  93% used [0x0d320000, 0x0dd1a5e8, 0x0dd1a600, 0x0ddd0000)
 compacting perm gen  total 16384K, used 16372K [0x22080000, 0x23080000, 0x26080000)
   the space 16384K,  99% used [0x22080000, 0x2307d3a0, 0x2307d400, 0x23080000)
No shared spaces configured.
Event: 20.560 GC heap after
Heap after GC invocations=10 (full 1):
 def new generation   total 8576K, used 17K [0x02c80000, 0x035c0000, 0x0d320000)
  eden space 7680K,   0% used [0x02c80000, 0x02c84500, 0x03400000)
  from space 896K,   0% used [0x03400000, 0x03400000, 0x034e0000)
  to   space 896K,   0% used [0x034e0000, 0x034e0000, 0x035c0000)
 tenured generation   total 18880K, used 11327K [0x0d320000, 0x0e590000, 0x22080000)
   the space 18880K,  59% used [0x0d320000, 0x0de2ffd0, 0x0de30000, 0x0e590000)
 compacting perm gen  total 16384K, used 16372K [0x22080000, 0x23080000, 0x26080000)
   the space 16384K,  99% used [0x22080000, 0x2307d3a0, 0x2307d400, 0x23080000)
No shared spaces configured.
}
Event: 190.138 GC heap before
{Heap before GC invocations=10 (full 1):
 def new generation   total 8576K, used 7680K [0x02c80000, 0x035c0000, 0x0d320000)
  eden space 7680K, 100% used [0x02c80000, 0x03400000, 0x03400000)
  from space 896K,   0% used [0x03400000, 0x03400000, 0x034e0000)
  to   space 896K,   0% used [0x034e0000, 0x034e0000, 0x035c0000)
 tenured generation   total 18880K, used 11327K [0x0d320000, 0x0e590000, 0x22080000)
   the space 18880K,  59% used [0x0d320000, 0x0de2ffd0, 0x0de30000, 0x0e590000)
 compacting perm gen  total 17152K, used 17002K [0x22080000, 0x23140000, 0x26080000)
   the space 17152K,  99% used [0x22080000, 0x2311a9c8, 0x2311aa00, 0x23140000)
No shared spaces configured.
Event: 190.218 GC heap after
Heap after GC invocations=11 (full 1):
 def new generation   total 8576K, used 843K [0x02c80000, 0x035c0000, 0x0d320000)
  eden space 7680K,   0% used [0x02c80000, 0x02c80000, 0x03400000)
  from space 896K,  94% used [0x034e0000, 0x035b2e20, 0x035c0000)
  to   space 896K,   0% used [0x03400000, 0x03400000, 0x034e0000)
 tenured generation   total 18880K, used 11328K [0x0d320000, 0x0e590000, 0x22080000)
   the space 18880K,  60% used [0x0d320000, 0x0de30150, 0x0de30200, 0x0e590000)
 compacting perm gen  total 17152K, used 17002K [0x22080000, 0x23140000, 0x26080000)
   the space 17152K,  99% used [0x22080000, 0x2311a9c8, 0x2311aa00, 0x23140000)
No shared spaces configured.
}

